[debug] [2024-02-11T00:22:21.496Z] ----------------------------------------------------------------------
[debug] [2024-02-11T00:22:21.499Z] Command:       C:\Program Files\nodejs\node.exe C:\Users\malia\AppData\Roaming\npm\node_modules\firebase-tools\lib\bin\firebase.js init
[debug] [2024-02-11T00:22:21.499Z] CLI Version:   13.2.1
[debug] [2024-02-11T00:22:21.499Z] Platform:      win32
[debug] [2024-02-11T00:22:21.499Z] Node Version:  v20.10.0
[debug] [2024-02-11T00:22:21.499Z] Time:          Sun Feb 11 2024 03:22:21 GMT+0300 (GMT+03:00)
[debug] [2024-02-11T00:22:21.499Z] ----------------------------------------------------------------------
[debug] 
[debug] [2024-02-11T00:22:21.503Z] > command requires scopes: ["email","openid","https://www.googleapis.com/auth/cloudplatformprojects.readonly","https://www.googleapis.com/auth/firebase","https://www.googleapis.com/auth/cloud-platform"]
[debug] [2024-02-11T00:22:21.504Z] > authorizing via signed-in user (maliask06@gmail.com)
[info] 
     ######## #### ########  ######## ########     ###     ######  ########
     ##        ##  ##     ## ##       ##     ##  ##   ##  ##       ##
     ######    ##  ########  ######   ########  #########  ######  ######
     ##        ##  ##    ##  ##       ##     ## ##     ##       ## ##
     ##       #### ##     ## ######## ########  ##     ##  ######  ########

You're about to initialize a Firebase project in this directory:

  M:\Works\Angular\coming-soon

[info] 
=== Project Setup
[info] 
[info] First, let's associate this project directory with a Firebase project.
[info] You can create multiple project aliases by running firebase use --add, 
[info] but for now we'll just set up a default project.
[info] 
[debug] [2024-02-11T00:26:09.440Z] >>> [apiv2][query] GET https://firebase.googleapis.com/v1beta1/projects pageSize=100
[debug] [2024-02-11T00:26:09.960Z] <<< [apiv2][status] GET https://firebase.googleapis.com/v1beta1/projects 200
[debug] [2024-02-11T00:26:09.961Z] <<< [apiv2][body] GET https://firebase.googleapis.com/v1beta1/projects [omitted]
[info] i  Using project maliasiknet (maliasiknet) 
[info] 
=== Hosting Setup
[debug] [2024-02-11T00:26:13.131Z] >>> [apiv2][query] GET https://firebase.googleapis.com/v1beta1/projects/maliasiknet [none]
[debug] [2024-02-11T00:26:13.434Z] <<< [apiv2][status] GET https://firebase.googleapis.com/v1beta1/projects/maliasiknet 200
[debug] [2024-02-11T00:26:13.434Z] <<< [apiv2][body] GET https://firebase.googleapis.com/v1beta1/projects/maliasiknet {"projectId":"maliasiknet","projectNumber":"606068963828","displayName":"maliasiknet","name":"projects/maliasiknet","resources":{"hostingSite":"maliasiknet"},"state":"ACTIVE","etag":"1_13949d93-6c34-4dbf-be87-d14af6da7d4e"}
[info] 
[info] Your public directory is the folder (relative to your project directory) that
[info] will contain Hosting assets to be uploaded with firebase deploy. If you
[info] have a build process for your assets, use your build's output directory.
[info] 
[debug] [2024-02-11T00:27:47.787Z] >>> [apiv2][query] GET https://www.gstatic.com/firebasejs/releases.json [none]
[debug] [2024-02-11T00:27:47.962Z] <<< [apiv2][status] GET https://www.gstatic.com/firebasejs/releases.json 200
[debug] [2024-02-11T00:27:47.962Z] <<< [apiv2][body] GET https://www.gstatic.com/firebasejs/releases.json {"current":{"version":"10.8.0","browserURL":"https://www.gstatic.com/firebasejs/10.8.0/firebase.js","packageURL":"https://www.gstatic.com/firebasejs/10.8.0/firebase.tgz"},"live":{"version":"10.8","browserURL":"https://www.gstatic.com/firebasejs/live/10.8/firebase.js","packageURL":"https://www.gstatic.com/firebasejs/live/10.8/firebase.tgz"},"components":{"analytics":"https://www.gstatic.com/firebasejs/10.8.0/firebase-analytics.js","app":"https://www.gstatic.com/firebasejs/10.8.0/firebase-app.js","app-check":"https://www.gstatic.com/firebasejs/10.8.0/firebase-app-check.js","auth":"https://www.gstatic.com/firebasejs/10.8.0/firebase-auth.js","auth/cordova":"https://www.gstatic.com/firebasejs/10.8.0/firebase-auth/cordova.js","auth/web-extension":"https://www.gstatic.com/firebasejs/10.8.0/firebase-auth/web-extension.js","functions":"https://www.gstatic.com/firebasejs/10.8.0/firebase-functions.js","firestore":"https://www.gstatic.com/firebasejs/10.8.0/firebase-firestore.js","firestore/lite":"https://www.gstatic.com/firebasejs/10.8.0/firebase-firestore/lite.js","installations":"https://www.gstatic.com/firebasejs/10.8.0/firebase-installations.js","storage":"https://www.gstatic.com/firebasejs/10.8.0/firebase-storage.js","performance":"https://www.gstatic.com/firebasejs/10.8.0/firebase-performance.js","remote-config":"https://www.gstatic.com/firebasejs/10.8.0/firebase-remote-config.js","messaging":"https://www.gstatic.com/firebasejs/10.8.0/firebase-messaging.js","messaging/sw":"https://www.gstatic.com/firebasejs/10.8.0/firebase-messaging/sw.js","database":"https://www.gstatic.com/firebasejs/10.8.0/firebase-database.js","firestore.memory":"https://www.gstatic.com/firebasejs/10.8.0/firebase-firestore.memory.js"}}
[info] +  Wrote dist/coming-soon/index.html 
[info] 
[info] i  Detected a .git folder at M:\Works\Angular\coming-soon 
[info] i  Authorizing with GitHub to upload your service account to a GitHub repository's secrets store. 
[info] 
[info] Visit this URL on this device to log in:
[info] https://github.com/login/oauth/authorize?client_id=89cf50f02ac6aaed3484&state=671221418&redirect_uri=http%3A%2F%2Flocalhost%3A9005&scope=read%3Auser%20repo%20public_repo
[info] 
[info] Waiting for authentication...
[debug] [2024-02-11T00:27:54.819Z] >>> [apiv2][query] POST https://github.com/login/oauth/access_token [none]
[debug] [2024-02-11T00:27:54.819Z] >>> [apiv2][body] POST https://github.com/login/oauth/access_token [stream]
[debug] [2024-02-11T00:27:55.160Z] <<< [apiv2][status] POST https://github.com/login/oauth/access_token 200
[debug] [2024-02-11T00:27:55.160Z] <<< [apiv2][body] POST https://github.com/login/oauth/access_token {"access_token":"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","token_type":"bearer","scope":"read:user,repo"}
[debug] [2024-02-11T00:27:55.164Z] >>> [apiv2][query] GET https://api.github.com/user [none]
[debug] [2024-02-11T00:27:55.496Z] <<< [apiv2][status] GET https://api.github.com/user 200
[debug] [2024-02-11T00:27:55.496Z] <<< [apiv2][body] GET https://api.github.com/user {"login":"maliasik","id":61600752,"node_id":"MDQ6VXNlcjYxNjAwNzUy","avatar_url":"https://avatars.githubusercontent.com/u/61600752?v=4","gravatar_id":"","url":"https://api.github.com/users/maliasik","html_url":"https://github.com/maliasik","followers_url":"https://api.github.com/users/maliasik/followers","following_url":"https://api.github.com/users/maliasik/following{/other_user}","gists_url":"https://api.github.com/users/maliasik/gists{/gist_id}","starred_url":"https://api.github.com/users/maliasik/starred{/owner}{/repo}","subscriptions_url":"https://api.github.com/users/maliasik/subscriptions","organizations_url":"https://api.github.com/users/maliasik/orgs","repos_url":"https://api.github.com/users/maliasik/repos","events_url":"https://api.github.com/users/maliasik/events{/privacy}","received_events_url":"https://api.github.com/users/maliasik/received_events","type":"User","site_admin":false,"name":"Muhammet Ali AŞIK","company":null,"blog":"maliasik.com","location":"Ankara, Turkey","email":"maliask00@gmail.com","hireable":null,"bio":"Software Developer","twitter_username":null,"public_repos":8,"public_gists":0,"followers":4,"following":11,"created_at":"2020-02-28T19:32:31Z","updated_at":"2024-01-27T22:54:24Z","private_gists":0,"total_private_repos":5,"owned_private_repos":5,"disk_usage":9762,"collaborators":0,"two_factor_authentication":false,"plan":{"name":"free","space":976562499,"collaborators":0,"private_repos":10000}}
[info] 
[info] +  Success! Logged into GitHub as maliasik 
[info] 
